<?xml version="1.0" encoding="UTF-8"?>
<testng-results skipped="0" failed="0" ignored="0" total="1" passed="1">
  <reporter-output>
  </reporter-output>
  <suite name="Default suite" duration-ms="98862" started-at="2019-10-02T10:35:11 IST" finished-at="2019-10-02T10:36:49 IST">
    <groups>
    </groups>
    <test name="Default test" duration-ms="98862" started-at="2019-10-02T10:35:11 IST" finished-at="2019-10-02T10:36:49 IST">
      <class name="com.ecommerce.Register">
        <test-method status="PASS" signature="test()[pri:0, instance:com.ecommerce.Register@1d29cf23]" name="test" duration-ms="98809" started-at="2019-10-02T10:35:11 IST" finished-at="2019-10-02T10:36:49 IST">
          <reporter-output>
          </reporter-output>
        </test-method> <!-- test -->
      </class> <!-- com.ecommerce.Register -->
    </test> <!-- Default test -->
  </suite> <!-- Default suite -->
</testng-results>
